Build started 13/11/1397 10:20:14 ب.ظ.
     1>Project "c:\Users\Ali\documents\visual studio 2013\Projects\Opencv_V0.01\Opencv_V0.01\Opencv_V0.01.vcxproj" on node 2 (Build target(s)).
     1>ClCompile:
         G:\Program Files (x86)\Microsoft Visual Studio 12.0\VC\bin\CL.exe /c /Zi /nologo /W3 /WX- /sdl /O2 /Oi /Oy- /GL /D WIN32 /D NDEBUG /D _CONSOLE /D _LIB /D _UNICODE /D UNICODE /Gm- /EHsc /MD /GS /Gy /fp:precise /Zc:wchar_t /Zc:forScope /Yc"stdafx.h" /Fp"Release\Opencv_V0.01.pch" /Fo"Release\\" /Fd"Release\vc120.pdb" /Gd /TP /analyze- /errorReport:prompt stdafx.cpp
         stdafx.cpp
         G:\Program Files (x86)\Microsoft Visual Studio 12.0\VC\bin\CL.exe /c /Zi /nologo /W3 /WX- /sdl /O2 /Oi /Oy- /GL /D WIN32 /D NDEBUG /D _CONSOLE /D _LIB /D _UNICODE /D UNICODE /Gm- /EHsc /MD /GS /Gy /fp:precise /Zc:wchar_t /Zc:forScope /Yu"stdafx.h" /Fp"Release\Opencv_V0.01.pch" /Fo"Release\\" /Fd"Release\vc120.pdb" /Gd /TP /analyze- /errorReport:prompt Opencv_V0.01.cpp
         Opencv_V0.01.cpp
     1>Opencv_V0.01.cpp(5): fatal error C1083: Cannot open include file: 'opencv.hpp': No such file or directory
     1>Done Building Project "c:\Users\Ali\documents\visual studio 2013\Projects\Opencv_V0.01\Opencv_V0.01\Opencv_V0.01.vcxproj" (Build target(s)) -- FAILED.

Build FAILED.

Time Elapsed 00:00:00.86
